Using pre-set license
Built from '2021.3/staging' branch; Version is '2021.3.19f1 (c9714fde33b6) revision 13201743'; Using compiler version '192829333'; Build Type 'Release'
OS: 'Windows 10  (10.0.19045) 64bit Professional' Language: 'ko' Physical Memory: 16238 MB
BatchMode: 1, IsHumanControllingUs: 0, StartBugReporterOnCrash: 0, Is64bit: 1, IsPro: 1

COMMAND LINE ARGUMENTS:
Z:\unity\2021.3.19f1\Editor\Unity.exe
-adb2
-batchMode
-noUpm
-name
AssetImportWorker0
-projectPath
Z:/github/theos_2
-logFile
Logs/AssetImportWorker0.log
-srvPort
52767
Successfully changed project path to: Z:/github/theos_2
Z:/github/theos_2
[UnityMemory] Configuration Parameters - Can be set up in boot.config
    "memorysetup-bucket-allocator-granularity=16"
    "memorysetup-bucket-allocator-bucket-count=8"
    "memorysetup-bucket-allocator-block-size=33554432"
    "memorysetup-bucket-allocator-block-count=8"
    "memorysetup-main-allocator-block-size=16777216"
    "memorysetup-thread-allocator-block-size=16777216"
    "memorysetup-gfx-main-allocator-block-size=16777216"
    "memorysetup-gfx-thread-allocator-block-size=16777216"
    "memorysetup-cache-allocator-block-size=4194304"
    "memorysetup-typetree-allocator-block-size=2097152"
    "memorysetup-profiler-bucket-allocator-granularity=16"
    "memorysetup-profiler-bucket-allocator-bucket-count=8"
    "memorysetup-profiler-bucket-allocator-block-size=33554432"
    "memorysetup-profiler-bucket-allocator-block-count=8"
    "memorysetup-profiler-allocator-block-size=16777216"
    "memorysetup-profiler-editor-allocator-block-size=1048576"
    "memorysetup-temp-allocator-size-main=16777216"
    "memorysetup-job-temp-allocator-block-size=2097152"
    "memorysetup-job-temp-allocator-block-size-background=1048576"
    "memorysetup-job-temp-allocator-reduction-small-platforms=262144"
    "memorysetup-temp-allocator-size-background-worker=32768"
    "memorysetup-temp-allocator-size-job-worker=262144"
    "memorysetup-temp-allocator-size-preload-manager=33554432"
    "memorysetup-temp-allocator-size-nav-mesh-worker=65536"
    "memorysetup-temp-allocator-size-audio-worker=65536"
    "memorysetup-temp-allocator-size-cloud-worker=32768"
    "memorysetup-temp-allocator-size-gi-baking-worker=262144"
    "memorysetup-temp-allocator-size-gfx=262144"
Player connection [21788] Host "[IP] 218.234.62.103 [Port] 0 [Flags] 2 [Guid] 1832101110 [EditorId] 1832101110 [Version] 1048832 [Id] WindowsEditor(7,103) [Debug] 1 [PackageName] WindowsEditor [ProjectName] Editor" joined multi-casting on [225.0.0.222:54997]...

Player connection [21788] Host "[IP] 218.234.62.103 [Port] 0 [Flags] 2 [Guid] 1832101110 [EditorId] 1832101110 [Version] 1048832 [Id] WindowsEditor(7,103) [Debug] 1 [PackageName] WindowsEditor [ProjectName] Editor" joined alternative multi-casting on [225.0.0.222:34997]...

Refreshing native plugins compatible for Editor in 84.61 ms, found 3 plugins.
Preloading 0 native plugins for Editor in 0.00 ms.
Initialize engine version: 2021.3.19f1 (c9714fde33b6)
[Subsystems] Discovering subsystems at path Z:/unity/2021.3.19f1/Editor/Data/Resources/UnitySubsystems
[Subsystems] Discovering subsystems at path Z:/github/theos_2/Assets
GfxDevice: creating device client; threaded=0; jobified=0
Direct3D:
    Version:  Direct3D 11.0 [level 11.1]
    Renderer: NVIDIA GeForce RTX 3070 (ID=0x2488)
    Vendor:   NVIDIA
    VRAM:     8043 MB
Initialize mono
Mono path[0] = 'Z:/unity/2021.3.19f1/Editor/Data/Managed'
Mono path[1] = 'Z:/unity/2021.3.19f1/Editor/Data/MonoBleedingEdge/lib/mono/unityjit-win32'
Mono config path = 'Z:/unity/2021.3.19f1/Editor/Data/MonoBleedingEdge/etc'
Using monoOptions --debugger-agent=transport=dt_socket,embedding=1,server=y,suspend=n,address=127.0.0.1:56284
Begin MonoManager ReloadAssembly
Registering precompiled unity dll's ...
Register platform support module: Z:/unity/2021.3.19f1/Editor/Data/PlaybackEngines/WindowsStandaloneSupport/UnityEditor.WindowsStandalone.Extensions.dll
Registered in 0.001936 seconds.
Native extension for WindowsStandalone target not found
Refreshing native plugins compatible for Editor in 86.23 ms, found 3 plugins.
Preloading 0 native plugins for Editor in 0.00 ms.
Mono: successfully reloaded assembly
- Completed reload, in  0.547 seconds
Domain Reload Profiling:
	ReloadAssembly (548ms)
		BeginReloadAssembly (57ms)
			ExecutionOrderSort (0ms)
			DisableScriptedObjects (0ms)
			BackupInstance (0ms)
			ReleaseScriptingObjects (0ms)
			CreateAndSetChildDomain (1ms)
		EndReloadAssembly (406ms)
			LoadAssemblies (56ms)
			RebuildTransferFunctionScriptingTraits (0ms)
			SetupTypeCache (100ms)
			ReleaseScriptCaches (0ms)
			RebuildScriptCaches (25ms)
			SetupLoadedEditorAssemblies (237ms)
				LogAssemblyErrors (0ms)
				InitializePlatformSupportModulesInManaged (5ms)
				SetLoadedEditorAssemblies (0ms)
				RefreshPlugins (86ms)
				BeforeProcessingInitializeOnLoad (1ms)
				ProcessInitializeOnLoadAttributes (105ms)
				ProcessInitializeOnLoadMethodAttributes (39ms)
				AfterProcessingInitializeOnLoad (0ms)
				EditorAssembliesLoaded (0ms)
			ExecutionOrderSort2 (0ms)
			AwakeInstancesAfterBackupRestoration (0ms)
Platform modules already initialized, skipping
Registering precompiled user dll's ...
Registered in 0.001965 seconds.
Begin MonoManager ReloadAssembly
Symbol file LoadedFromMemory doesn't match image Z:\github\theos_2\Library\PackageCache\com.unity.visualscripting@1.8.0\Editor\VisualScripting.Core\Dependencies\YamlDotNet\Unity.VisualScripting.YamlDotNet.dll
Symbol file LoadedFromMemory doesn't match image Z:\github\theos_2\Library\PackageCache\com.unity.visualscripting@1.8.0\Editor\VisualScripting.Core\Dependencies\DotNetZip\Unity.VisualScripting.IonicZip.dll
Native extension for WindowsStandalone target not found
Refreshing native plugins compatible for Editor in 0.84 ms, found 3 plugins.
Preloading 0 native plugins for Editor in 0.00 ms.
System.Exception: Error! Visual Scripting: couldn't find visual scripting package
  at Unity.VisualScripting.PackageVersionUtility.get_version () [0x00043] in Z:\github\theos_2\Library\PackageCache\com.unity.visualscripting@1.8.0\Editor\VisualScripting.Core\Utilities\PackageVersionUtility.cs:31 
  at Unity.VisualScripting.BoltCoreManifest.get_version () [0x00000] in Z:\github\theos_2\Library\PackageCache\com.unity.visualscripting@1.8.0\Editor\VisualScripting.Core\Plugin\BoltCoreManifest.cs:11 
  at Unity.VisualScripting.PluginManifest.get_currentVersion () [0x00000] in Z:\github\theos_2\Library\PackageCache\com.unity.visualscripting@1.8.0\Editor\VisualScripting.Core\Plugins\PluginManifest.cs:33 
  at Unity.VisualScripting.PluginManifest.get_versionMismatch () [0x00000] in Z:\github\theos_2\Library\PackageCache\com.unity.visualscripting@1.8.0\Editor\VisualScripting.Core\Plugins\PluginManifest.cs:48 
  at Unity.VisualScripting.PluginContainer.Initialize () [0x00525] in Z:\github\theos_2\Library\PackageCache\com.unity.visualscripting@1.8.0\Editor\VisualScripting.Core\Plugins\PluginContainer.cs:208 
  at Unity.VisualScripting.PluginContainer.InitializeOnLoad () [0x00009] in Z:\github\theos_2\Library\PackageCache\com.unity.visualscripting@1.8.0\Editor\VisualScripting.Core\Plugins\PluginContainer.cs:32 
  at Unity.VisualScripting.VSUsageUtility.DoInitializeOnLoadCalls () [0x00034] in Z:\github\theos_2\Library\PackageCache\com.unity.visualscripting@1.8.0\Editor\VisualScripting.Core\Utilities\VSUsageUtility.cs:76 
  at Unity.VisualScripting.VSUsageUtility.set_isVisualScriptingUsed (System.Boolean value) [0x0002c] in Z:\github\theos_2\Library\PackageCache\com.unity.visualscripting@1.8.0\Editor\VisualScripting.Core\Utilities\VSUsageUtility.cs:114 
  at Unity.VisualScripting.VSUsageUtility.CheckAndSetIsVisualScriptingUsed () [0x00032] in Z:\github\theos_2\Library\PackageCache\com.unity.visualscripting@1.8.0\Editor\VisualScripting.Core\Utilities\VSUsageUtility.cs:48 
  at Unity.VisualScripting.VSUsageUtility..cctor () [0x00000] in Z:\github\theos_2\Library\PackageCache\com.unity.visualscripting@1.8.0\Editor\VisualScripting.Core\Utilities\VSUsageUtility.cs:22 
UnityEngine.StackTraceUtility:ExtractStackTrace ()
UnityEngine.DebugLogHandler:LogFormat (UnityEngine.LogType,UnityEngine.Object,string,object[])
UnityEngine.Logger:Log (UnityEngine.LogType,object)
UnityEngine.Debug:LogError (object)
UnityEditor.EditorAssemblies:ProcessInitializeOnLoadAttributes (System.Type[])

Mono: successfully reloaded assembly
- Completed reload, in  1.259 seconds
Domain Reload Profiling:
	ReloadAssembly (1260ms)
		BeginReloadAssembly (99ms)
			ExecutionOrderSort (0ms)
			DisableScriptedObjects (5ms)
			BackupInstance (0ms)
			ReleaseScriptingObjects (0ms)
			CreateAndSetChildDomain (18ms)
		EndReloadAssembly (1064ms)
			LoadAssemblies (76ms)
			RebuildTransferFunctionScriptingTraits (0ms)
			SetupTypeCache (267ms)
			ReleaseScriptCaches (1ms)
			RebuildScriptCaches (54ms)
			SetupLoadedEditorAssemblies (645ms)
				LogAssemblyErrors (0ms)
				InitializePlatformSupportModulesInManaged (3ms)
				SetLoadedEditorAssemblies (0ms)
				RefreshPlugins (1ms)
				BeforeProcessingInitializeOnLoad (69ms)
				ProcessInitializeOnLoadAttributes (551ms)
				ProcessInitializeOnLoadMethodAttributes (18ms)
				AfterProcessingInitializeOnLoad (2ms)
				EditorAssembliesLoaded (0ms)
			ExecutionOrderSort2 (0ms)
			AwakeInstancesAfterBackupRestoration (4ms)
Platform modules already initialized, skipping
========================================================================
Worker process is ready to serve import requests
Launched and connected shader compiler UnityShaderCompiler.exe after 0.03 seconds
Refreshing native plugins compatible for Editor in 0.79 ms, found 3 plugins.
Preloading 0 native plugins for Editor in 0.00 ms.
Unloading 3614 Unused Serialized files (Serialized files now loaded: 0)
Unloading 48 unused Assets / (1.4 MB). Loaded Objects now: 4100.
Memory consumption went from 227.1 MB to 225.7 MB.
Total: 10.645300 ms (FindLiveObjects: 0.302400 ms CreateObjectMapping: 0.215300 ms MarkObjects: 9.885300 ms  DeleteObjects: 0.241100 ms)

AssetImportParameters requested are different than current active one (requested -> active):
  custom:video-decoder-ogg-theora: a1e56fd34408186e4bbccfd4996cb3dc -> 
  custom:container-muxer-webm: aa71ff27fc2769a1b78a27578f13a17b -> 
  custom:container-demuxer-webm: 4f35f7cbe854078d1ac9338744f61a02 -> 
  custom:video-encoder-webm-vp8: eb34c28f22e8b96e1ab97ce403110664 -> 
  custom:audio-encoder-webm-vorbis: bf7c407c2cedff20999df2af8eb42d56 -> 
  custom:framework-win-MediaFoundation: 216162199b28c13a410421893ffa2e32 -> 
  custom:container-demuxer-ogg: 62fdf1f143b41e24485cea50d1cbac27 -> 
  custom:video-decoder-webm-vp8: 9c59270c3fd7afecdb556c50c9e8de78 -> 
  custom:audio-decoder-ogg-vorbis: bf7c407c2cedff20999df2af8eb42d56 -> 
========================================================================
Received Import Request.
  Time since last request: 29830.812209 seconds.
  path: Assets/DownLoadAssets/asoliddev - Low Poly Fantasy Warrior
  artifactKey: Guid(190142acfe08aac4bac1000487ca9e55) Importer(815301076,1909f56bfc062723c751e8b465ee728b)
Start importing Assets/DownLoadAssets/asoliddev - Low Poly Fantasy Warrior using Guid(190142acfe08aac4bac1000487ca9e55) Importer(815301076,1909f56bfc062723c751e8b465ee728b)  -> (artifact id: '2c7d957c1f6a8dbcdc556e5be0e674f5') in 0.007123 seconds 
========================================================================
Received Import Request.
  Time since last request: 62.447412 seconds.
  path: Assets/DownLoadAssets/asoliddev - Low Poly Fantasy Warrior/Prefabs/Low Poly Warrior.prefab
  artifactKey: Guid(f7902c99c75cad34f934860c6b6ddd9e) Importer(815301076,1909f56bfc062723c751e8b465ee728b)
Start importing Assets/DownLoadAssets/asoliddev - Low Poly Fantasy Warrior/Prefabs/Low Poly Warrior.prefab using Guid(f7902c99c75cad34f934860c6b6ddd9e) Importer(815301076,1909f56bfc062723c751e8b465ee728b)  -> (artifact id: '936bf854c293c592b2c58e6c5260be8c') in 0.107971 seconds 
========================================================================
Received Import Request.
  Time since last request: 36.573208 seconds.
  path: Assets/DownLoadAssets/Blink
  artifactKey: Guid(52c2a03984722754188875f0b6f9fd31) Importer(815301076,1909f56bfc062723c751e8b465ee728b)
Start importing Assets/DownLoadAssets/Blink using Guid(52c2a03984722754188875f0b6f9fd31) Importer(815301076,1909f56bfc062723c751e8b465ee728b)  -> (artifact id: 'b90c52cd73a6324a5f00c15b2552c5da') in 0.002531 seconds 
========================================================================
Received Import Request.
  Time since last request: 4.674870 seconds.
  path: Assets/DownLoadAssets/Character_Elf
  artifactKey: Guid(a905faa89a9afc64d891023f05152a0f) Importer(815301076,1909f56bfc062723c751e8b465ee728b)
Start importing Assets/DownLoadAssets/Character_Elf using Guid(a905faa89a9afc64d891023f05152a0f) Importer(815301076,1909f56bfc062723c751e8b465ee728b)  -> (artifact id: '34e82eabb6e53885c53c267fab568f07') in 0.000707 seconds 
========================================================================
Received Import Request.
  Time since last request: 179.850038 seconds.
  path: Assets/DownLoadAssets/Fantasy Forest
  artifactKey: Guid(f1cb74f71d7e1c54abee2018989e9177) Importer(815301076,1909f56bfc062723c751e8b465ee728b)
Start importing Assets/DownLoadAssets/Fantasy Forest using Guid(f1cb74f71d7e1c54abee2018989e9177) Importer(815301076,1909f56bfc062723c751e8b465ee728b)  -> (artifact id: 'c3f14c8b410b224c1c8de4f8c04019cc') in 0.002019 seconds 
========================================================================
Received Import Request.
  Time since last request: 1.933431 seconds.
  path: Assets/Plugins
  artifactKey: Guid(b041ba262bab92b4491d8fea3ba4d82f) Importer(815301076,1909f56bfc062723c751e8b465ee728b)
Start importing Assets/Plugins using Guid(b041ba262bab92b4491d8fea3ba4d82f) Importer(815301076,1909f56bfc062723c751e8b465ee728b)  -> (artifact id: '01273f99c4774008c4d18bef6cd57d44') in 0.001116 seconds 
========================================================================
Received Import Request.
  Time since last request: 5.023643 seconds.
  path: Assets/DownLoadAssets/Fantasy Skybox FREE
  artifactKey: Guid(6066689be1f075d44a1ddff8252e4850) Importer(815301076,1909f56bfc062723c751e8b465ee728b)
Start importing Assets/DownLoadAssets/Fantasy Skybox FREE using Guid(6066689be1f075d44a1ddff8252e4850) Importer(815301076,1909f56bfc062723c751e8b465ee728b)  -> (artifact id: '640fd5e87654eb63225caa5f43e9de34') in 0.001022 seconds 
========================================================================
Received Import Request.
  Time since last request: 6.160022 seconds.
  path: Assets/DownLoadAssets/Particlecollection_Free samples
  artifactKey: Guid(c15119e2c22742344baf5a4305f332ca) Importer(815301076,1909f56bfc062723c751e8b465ee728b)
Start importing Assets/DownLoadAssets/Particlecollection_Free samples using Guid(c15119e2c22742344baf5a4305f332ca) Importer(815301076,1909f56bfc062723c751e8b465ee728b)  -> (artifact id: '47549040ce1c709fdf7d3ee0609e0cb9') in 0.000805 seconds 
========================================================================
Received Import Request.
  Time since last request: 1.649853 seconds.
  path: Assets/DownLoadAssets/VillageAssets
  artifactKey: Guid(f5d6b4e80dd37a14f815c1449fa345c9) Importer(815301076,1909f56bfc062723c751e8b465ee728b)
Start importing Assets/DownLoadAssets/VillageAssets using Guid(f5d6b4e80dd37a14f815c1449fa345c9) Importer(815301076,1909f56bfc062723c751e8b465ee728b)  -> (artifact id: 'e26f16f8ac7d0b4e3da0a775d6dd8873') in 0.000884 seconds 
========================================================================
Received Import Request.
  Time since last request: 11.411057 seconds.
  path: Assets/DownLoadAssets/VillageAssets/GreekPack1Lite
  artifactKey: Guid(649bef78908be174cafa8a1b065695da) Importer(815301076,1909f56bfc062723c751e8b465ee728b)
Start importing Assets/DownLoadAssets/VillageAssets/GreekPack1Lite using Guid(649bef78908be174cafa8a1b065695da) Importer(815301076,1909f56bfc062723c751e8b465ee728b)  -> (artifact id: '714b4d70e3da3fe200ceb39b5ade1949') in 0.000912 seconds 
========================================================================
Received Import Request.
  Time since last request: 13.718068 seconds.
  path: Assets/DownLoadAssets/VillageAssets/RomanCityPack1Lite
  artifactKey: Guid(acaefdc8c7fa49746b544406d016d1b5) Importer(815301076,1909f56bfc062723c751e8b465ee728b)
Start importing Assets/DownLoadAssets/VillageAssets/RomanCityPack1Lite using Guid(acaefdc8c7fa49746b544406d016d1b5) Importer(815301076,1909f56bfc062723c751e8b465ee728b)  -> (artifact id: '9cd2fd806a225aa36cf370d509e3998a') in 0.000763 seconds 
========================================================================
Received Import Request.
  Time since last request: 4.935120 seconds.
  path: Assets/DownLoadAssets/VillageAssets/Temple
  artifactKey: Guid(d55a0251425b84e4099110c8289d7170) Importer(815301076,1909f56bfc062723c751e8b465ee728b)
Start importing Assets/DownLoadAssets/VillageAssets/Temple using Guid(d55a0251425b84e4099110c8289d7170) Importer(815301076,1909f56bfc062723c751e8b465ee728b)  -> (artifact id: 'c64001b49e2554785200ac2e88939bb0') in 0.000712 seconds 
========================================================================
Received Import Request.
  Time since last request: 117.145884 seconds.
  path: Assets/DownLoadAssets/Greek Monster Pack
  artifactKey: Guid(b482b1b799a7ba84dafbeaec27f922b2) Importer(815301076,1909f56bfc062723c751e8b465ee728b)
Start importing Assets/DownLoadAssets/Greek Monster Pack using Guid(b482b1b799a7ba84dafbeaec27f922b2) Importer(815301076,1909f56bfc062723c751e8b465ee728b)  -> (artifact id: 'fb371ff2859af560afa1848a2a3be821') in 0.000756 seconds 
========================================================================
Received Import Request.
  Time since last request: 42.753492 seconds.
  path: Assets/DownLoadAssets/Weapons/3D Weapons
  artifactKey: Guid(cf32a25bd70e8f649ade30f598fa33f5) Importer(815301076,1909f56bfc062723c751e8b465ee728b)
Start importing Assets/DownLoadAssets/Weapons/3D Weapons using Guid(cf32a25bd70e8f649ade30f598fa33f5) Importer(815301076,1909f56bfc062723c751e8b465ee728b)  -> (artifact id: '62605e032051c34848b846e1630f0ee5') in 0.001597 seconds 
========================================================================
Received Import Request.
  Time since last request: 715.555511 seconds.
  path: Assets/Resources/MP3/SwordSound_1-[AudioTrimmer.com].mp3
  artifactKey: Guid(692f2c6ebbcbea6408babe8cc7907464) Importer(815301076,1909f56bfc062723c751e8b465ee728b)
Start importing Assets/Resources/MP3/SwordSound_1-[AudioTrimmer.com].mp3 using Guid(692f2c6ebbcbea6408babe8cc7907464) Importer(815301076,1909f56bfc062723c751e8b465ee728b)  -> (artifact id: 'ace288f10cfb29579b7a1119481d49ee') in 0.087410 seconds 
========================================================================
Received Import Request.
  Time since last request: 19.932544 seconds.
  path: Assets/Resources/MP3/DeathSound.mp3
  artifactKey: Guid(94cd7b6c435007c4382ea7b80c9fda74) Importer(815301076,1909f56bfc062723c751e8b465ee728b)
Start importing Assets/Resources/MP3/DeathSound.mp3 using Guid(94cd7b6c435007c4382ea7b80c9fda74) Importer(815301076,1909f56bfc062723c751e8b465ee728b)  -> (artifact id: 'bd66272af562e7cb71bbbecefa672b51') in 0.007354 seconds 
========================================================================
Received Import Request.
  Time since last request: 206.475459 seconds.
  path: Assets/Resources/UI_Resources/Credit.png
  artifactKey: Guid(ee6f362c1b437fd49a5b1290f6f99205) Importer(815301076,1909f56bfc062723c751e8b465ee728b)
Start importing Assets/Resources/UI_Resources/Credit.png using Guid(ee6f362c1b437fd49a5b1290f6f99205) Importer(815301076,1909f56bfc062723c751e8b465ee728b)  -> (artifact id: 'c0f33650a9109cf7287c0ade1e901a4b') in 0.021188 seconds 
========================================================================
Received Import Request.
  Time since last request: 3.336341 seconds.
  path: Assets/Resources/UI_Resources/Credit.png
  artifactKey: Guid(ee6f362c1b437fd49a5b1290f6f99205) Importer(815301076,1909f56bfc062723c751e8b465ee728b)
Start importing Assets/Resources/UI_Resources/Credit.png using Guid(ee6f362c1b437fd49a5b1290f6f99205) Importer(815301076,1909f56bfc062723c751e8b465ee728b)  -> (artifact id: '167041b493f5e265397d9cc7d8570bbe') in 0.040278 seconds 
========================================================================
Received Import Request.
  Time since last request: 61.959340 seconds.
  path: Assets/Resources/Animation/Common_BossAnimator.controller
  artifactKey: Guid(e640092e8f768a146aa2079649c75521) Importer(815301076,1909f56bfc062723c751e8b465ee728b)
Start importing Assets/Resources/Animation/Common_BossAnimator.controller using Guid(e640092e8f768a146aa2079649c75521) Importer(815301076,1909f56bfc062723c751e8b465ee728b)  -> (artifact id: '3da6793c658e04896c0722946614f021') in 0.010765 seconds 
========================================================================
Received Import Request.
  Time since last request: 18.445146 seconds.
  path: Assets/Resources/Animation/Common_BossAnimator.controller
  artifactKey: Guid(e640092e8f768a146aa2079649c75521) Importer(815301076,1909f56bfc062723c751e8b465ee728b)
Start importing Assets/Resources/Animation/Common_BossAnimator.controller using Guid(e640092e8f768a146aa2079649c75521) Importer(815301076,1909f56bfc062723c751e8b465ee728b)  -> (artifact id: 'aa9dc40e49195a647e48cc46e4e83e69') in 0.005017 seconds 
========================================================================
Received Prepare
Registering precompiled user dll's ...
Registered in 0.001892 seconds.
Begin MonoManager ReloadAssembly
Symbol file LoadedFromMemory doesn't match image Z:\github\theos_2\Library\PackageCache\com.unity.visualscripting@1.8.0\Editor\VisualScripting.Core\Dependencies\YamlDotNet\Unity.VisualScripting.YamlDotNet.dll
Symbol file LoadedFromMemory doesn't match image Z:\github\theos_2\Library\PackageCache\com.unity.visualscripting@1.8.0\Editor\VisualScripting.Core\Dependencies\DotNetZip\Unity.VisualScripting.IonicZip.dll
Native extension for WindowsStandalone target not found
Refreshing native plugins compatible for Editor in 0.81 ms, found 3 plugins.
Preloading 0 native plugins for Editor in 0.00 ms.
System.Exception: Error! Visual Scripting: couldn't find visual scripting package
  at Unity.VisualScripting.PackageVersionUtility.get_version () [0x00043] in Z:\github\theos_2\Library\PackageCache\com.unity.visualscripting@1.8.0\Editor\VisualScripting.Core\Utilities\PackageVersionUtility.cs:31 
  at Unity.VisualScripting.BoltCoreManifest.get_version () [0x00000] in Z:\github\theos_2\Library\PackageCache\com.unity.visualscripting@1.8.0\Editor\VisualScripting.Core\Plugin\BoltCoreManifest.cs:11 
  at Unity.VisualScripting.PluginManifest.get_currentVersion () [0x00000] in Z:\github\theos_2\Library\PackageCache\com.unity.visualscripting@1.8.0\Editor\VisualScripting.Core\Plugins\PluginManifest.cs:33 
  at Unity.VisualScripting.PluginManifest.get_versionMismatch () [0x00000] in Z:\github\theos_2\Library\PackageCache\com.unity.visualscripting@1.8.0\Editor\VisualScripting.Core\Plugins\PluginManifest.cs:48 
  at Unity.VisualScripting.PluginContainer.Initialize () [0x00525] in Z:\github\theos_2\Library\PackageCache\com.unity.visualscripting@1.8.0\Editor\VisualScripting.Core\Plugins\PluginContainer.cs:208 
  at Unity.VisualScripting.PluginContainer.InitializeOnLoad () [0x00009] in Z:\github\theos_2\Library\PackageCache\com.unity.visualscripting@1.8.0\Editor\VisualScripting.Core\Plugins\PluginContainer.cs:32 
  at Unity.VisualScripting.VSUsageUtility.DoInitializeOnLoadCalls () [0x00034] in Z:\github\theos_2\Library\PackageCache\com.unity.visualscripting@1.8.0\Editor\VisualScripting.Core\Utilities\VSUsageUtility.cs:76 
  at Unity.VisualScripting.VSUsageUtility.set_isVisualScriptingUsed (System.Boolean value) [0x0002c] in Z:\github\theos_2\Library\PackageCache\com.unity.visualscripting@1.8.0\Editor\VisualScripting.Core\Utilities\VSUsageUtility.cs:114 
  at Unity.VisualScripting.VSUsageUtility.CheckAndSetIsVisualScriptingUsed () [0x0000d] in Z:\github\theos_2\Library\PackageCache\com.unity.visualscripting@1.8.0\Editor\VisualScripting.Core\Utilities\VSUsageUtility.cs:33 
  at Unity.VisualScripting.VSUsageUtility..cctor () [0x00000] in Z:\github\theos_2\Library\PackageCache\com.unity.visualscripting@1.8.0\Editor\VisualScripting.Core\Utilities\VSUsageUtility.cs:22 
UnityEngine.StackTraceUtility:ExtractStackTrace ()
UnityEngine.DebugLogHandler:LogFormat (UnityEngine.LogType,UnityEngine.Object,string,object[])
UnityEngine.Logger:Log (UnityEngine.LogType,object)
UnityEngine.Debug:LogError (object)
UnityEditor.EditorAssemblies:ProcessInitializeOnLoadAttributes (System.Type[])

Mono: successfully reloaded assembly
- Completed reload, in  1.645 seconds
Domain Reload Profiling:
	ReloadAssembly (1646ms)
		BeginReloadAssembly (134ms)
			ExecutionOrderSort (0ms)
			DisableScriptedObjects (4ms)
			BackupInstance (0ms)
			ReleaseScriptingObjects (0ms)
			CreateAndSetChildDomain (43ms)
		EndReloadAssembly (1422ms)
			LoadAssemblies (95ms)
			RebuildTransferFunctionScriptingTraits (0ms)
			SetupTypeCache (330ms)
			ReleaseScriptCaches (3ms)
			RebuildScriptCaches (58ms)
			SetupLoadedEditorAssemblies (624ms)
				LogAssemblyErrors (0ms)
				InitializePlatformSupportModulesInManaged (15ms)
				SetLoadedEditorAssemblies (0ms)
				RefreshPlugins (1ms)
				BeforeProcessingInitializeOnLoad (69ms)
				ProcessInitializeOnLoadAttributes (511ms)
				ProcessInitializeOnLoadMethodAttributes (24ms)
				AfterProcessingInitializeOnLoad (3ms)
				EditorAssembliesLoaded (1ms)
			ExecutionOrderSort2 (0ms)
			AwakeInstancesAfterBackupRestoration (7ms)
Platform modules already initialized, skipping
Refreshing native plugins compatible for Editor in 2.05 ms, found 3 plugins.
Preloading 0 native plugins for Editor in 0.00 ms.
Unloading 3555 Unused Serialized files (Serialized files now loaded: 0)
Unloading 30 unused Assets / (1.4 MB). Loaded Objects now: 4132.
Memory consumption went from 238.0 MB to 236.7 MB.
Total: 15.386700 ms (FindLiveObjects: 0.573700 ms CreateObjectMapping: 0.513300 ms MarkObjects: 13.843300 ms  DeleteObjects: 0.454400 ms)

AssetImportParameters requested are different than current active one (requested -> active):
  custom:video-decoder-ogg-theora: a1e56fd34408186e4bbccfd4996cb3dc -> 
  custom:container-muxer-webm: aa71ff27fc2769a1b78a27578f13a17b -> 
  custom:container-demuxer-webm: 4f35f7cbe854078d1ac9338744f61a02 -> 
  custom:video-encoder-webm-vp8: eb34c28f22e8b96e1ab97ce403110664 -> 
  custom:audio-encoder-webm-vorbis: bf7c407c2cedff20999df2af8eb42d56 -> 
  custom:framework-win-MediaFoundation: 216162199b28c13a410421893ffa2e32 -> 
  custom:container-demuxer-ogg: 62fdf1f143b41e24485cea50d1cbac27 -> 
  custom:video-decoder-webm-vp8: 9c59270c3fd7afecdb556c50c9e8de78 -> 
  custom:audio-decoder-ogg-vorbis: bf7c407c2cedff20999df2af8eb42d56 -> 
========================================================================
Received Prepare
Registering precompiled user dll's ...
Registered in 0.001818 seconds.
Begin MonoManager ReloadAssembly
Symbol file LoadedFromMemory doesn't match image Z:\github\theos_2\Library\PackageCache\com.unity.visualscripting@1.8.0\Editor\VisualScripting.Core\Dependencies\YamlDotNet\Unity.VisualScripting.YamlDotNet.dll
Symbol file LoadedFromMemory doesn't match image Z:\github\theos_2\Library\PackageCache\com.unity.visualscripting@1.8.0\Editor\VisualScripting.Core\Dependencies\DotNetZip\Unity.VisualScripting.IonicZip.dll
Native extension for WindowsStandalone target not found
Refreshing native plugins compatible for Editor in 2.85 ms, found 3 plugins.
Preloading 0 native plugins for Editor in 0.00 ms.
System.Exception: Error! Visual Scripting: couldn't find visual scripting package
  at Unity.VisualScripting.PackageVersionUtility.get_version () [0x00043] in Z:\github\theos_2\Library\PackageCache\com.unity.visualscripting@1.8.0\Editor\VisualScripting.Core\Utilities\PackageVersionUtility.cs:31 
  at Unity.VisualScripting.BoltCoreManifest.get_version () [0x00000] in Z:\github\theos_2\Library\PackageCache\com.unity.visualscripting@1.8.0\Editor\VisualScripting.Core\Plugin\BoltCoreManifest.cs:11 
  at Unity.VisualScripting.PluginManifest.get_currentVersion () [0x00000] in Z:\github\theos_2\Library\PackageCache\com.unity.visualscripting@1.8.0\Editor\VisualScripting.Core\Plugins\PluginManifest.cs:33 
  at Unity.VisualScripting.PluginManifest.get_versionMismatch () [0x00000] in Z:\github\theos_2\Library\PackageCache\com.unity.visualscripting@1.8.0\Editor\VisualScripting.Core\Plugins\PluginManifest.cs:48 
  at Unity.VisualScripting.PluginContainer.Initialize () [0x00525] in Z:\github\theos_2\Library\PackageCache\com.unity.visualscripting@1.8.0\Editor\VisualScripting.Core\Plugins\PluginContainer.cs:208 
  at Unity.VisualScripting.PluginContainer.InitializeOnLoad () [0x00009] in Z:\github\theos_2\Library\PackageCache\com.unity.visualscripting@1.8.0\Editor\VisualScripting.Core\Plugins\PluginContainer.cs:32 
  at Unity.VisualScripting.VSUsageUtility.DoInitializeOnLoadCalls () [0x00034] in Z:\github\theos_2\Library\PackageCache\com.unity.visualscripting@1.8.0\Editor\VisualScripting.Core\Utilities\VSUsageUtility.cs:76 
  at Unity.VisualScripting.VSUsageUtility.set_isVisualScriptingUsed (System.Boolean value) [0x0002c] in Z:\github\theos_2\Library\PackageCache\com.unity.visualscripting@1.8.0\Editor\VisualScripting.Core\Utilities\VSUsageUtility.cs:114 
  at Unity.VisualScripting.VSUsageUtility.CheckAndSetIsVisualScriptingUsed () [0x0000d] in Z:\github\theos_2\Library\PackageCache\com.unity.visualscripting@1.8.0\Editor\VisualScripting.Core\Utilities\VSUsageUtility.cs:33 
  at Unity.VisualScripting.VSUsageUtility..cctor () [0x00000] in Z:\github\theos_2\Library\PackageCache\com.unity.visualscripting@1.8.0\Editor\VisualScripting.Core\Utilities\VSUsageUtility.cs:22 
UnityEngine.StackTraceUtility:ExtractStackTrace ()
UnityEngine.DebugLogHandler:LogFormat (UnityEngine.LogType,UnityEngine.Object,string,object[])
UnityEngine.Logger:Log (UnityEngine.LogType,object)
UnityEngine.Debug:LogError (object)
UnityEditor.EditorAssemblies:ProcessInitializeOnLoadAttributes (System.Type[])

Mono: successfully reloaded assembly
- Completed reload, in  1.641 seconds
Domain Reload Profiling:
	ReloadAssembly (1642ms)
		BeginReloadAssembly (156ms)
			ExecutionOrderSort (0ms)
			DisableScriptedObjects (4ms)
			BackupInstance (0ms)
			ReleaseScriptingObjects (0ms)
			CreateAndSetChildDomain (55ms)
		EndReloadAssembly (1393ms)
			LoadAssemblies (91ms)
			RebuildTransferFunctionScriptingTraits (0ms)
			SetupTypeCache (333ms)
			ReleaseScriptCaches (2ms)
			RebuildScriptCaches (75ms)
			SetupLoadedEditorAssemblies (617ms)
				LogAssemblyErrors (0ms)
				InitializePlatformSupportModulesInManaged (12ms)
				SetLoadedEditorAssemblies (1ms)
				RefreshPlugins (3ms)
				BeforeProcessingInitializeOnLoad (73ms)
				ProcessInitializeOnLoadAttributes (497ms)
				ProcessInitializeOnLoadMethodAttributes (28ms)
				AfterProcessingInitializeOnLoad (3ms)
				EditorAssembliesLoaded (0ms)
			ExecutionOrderSort2 (0ms)
			AwakeInstancesAfterBackupRestoration (6ms)
Platform modules already initialized, skipping
Refreshing native plugins compatible for Editor in 3.78 ms, found 3 plugins.
Preloading 0 native plugins for Editor in 0.00 ms.
Unloading 3555 Unused Serialized files (Serialized files now loaded: 0)
Unloading 30 unused Assets / (1.4 MB). Loaded Objects now: 4148.
Memory consumption went from 238.1 MB to 236.7 MB.
Total: 19.822300 ms (FindLiveObjects: 1.151800 ms CreateObjectMapping: 0.879600 ms MarkObjects: 17.255900 ms  DeleteObjects: 0.533100 ms)

AssetImportParameters requested are different than current active one (requested -> active):
  custom:video-decoder-ogg-theora: a1e56fd34408186e4bbccfd4996cb3dc -> 
  custom:container-muxer-webm: aa71ff27fc2769a1b78a27578f13a17b -> 
  custom:container-demuxer-webm: 4f35f7cbe854078d1ac9338744f61a02 -> 
  custom:video-encoder-webm-vp8: eb34c28f22e8b96e1ab97ce403110664 -> 
  custom:audio-encoder-webm-vorbis: bf7c407c2cedff20999df2af8eb42d56 -> 
  custom:framework-win-MediaFoundation: 216162199b28c13a410421893ffa2e32 -> 
  custom:container-demuxer-ogg: 62fdf1f143b41e24485cea50d1cbac27 -> 
  custom:video-decoder-webm-vp8: 9c59270c3fd7afecdb556c50c9e8de78 -> 
  custom:audio-decoder-ogg-vorbis: bf7c407c2cedff20999df2af8eb42d56 -> 
========================================================================
Received Prepare
Registering precompiled user dll's ...
Registered in 0.001848 seconds.
Begin MonoManager ReloadAssembly
Symbol file LoadedFromMemory doesn't match image Z:\github\theos_2\Library\PackageCache\com.unity.visualscripting@1.8.0\Editor\VisualScripting.Core\Dependencies\YamlDotNet\Unity.VisualScripting.YamlDotNet.dll
Symbol file LoadedFromMemory doesn't match image Z:\github\theos_2\Library\PackageCache\com.unity.visualscripting@1.8.0\Editor\VisualScripting.Core\Dependencies\DotNetZip\Unity.VisualScripting.IonicZip.dll
Native extension for WindowsStandalone target not found
Refreshing native plugins compatible for Editor in 2.13 ms, found 3 plugins.
Preloading 0 native plugins for Editor in 0.00 ms.
System.Exception: Error! Visual Scripting: couldn't find visual scripting package
  at Unity.VisualScripting.PackageVersionUtility.get_version () [0x00043] in Z:\github\theos_2\Library\PackageCache\com.unity.visualscripting@1.8.0\Editor\VisualScripting.Core\Utilities\PackageVersionUtility.cs:31 
  at Unity.VisualScripting.BoltCoreManifest.get_version () [0x00000] in Z:\github\theos_2\Library\PackageCache\com.unity.visualscripting@1.8.0\Editor\VisualScripting.Core\Plugin\BoltCoreManifest.cs:11 
  at Unity.VisualScripting.PluginManifest.get_currentVersion () [0x00000] in Z:\github\theos_2\Library\PackageCache\com.unity.visualscripting@1.8.0\Editor\VisualScripting.Core\Plugins\PluginManifest.cs:33 
  at Unity.VisualScripting.PluginManifest.get_versionMismatch () [0x00000] in Z:\github\theos_2\Library\PackageCache\com.unity.visualscripting@1.8.0\Editor\VisualScripting.Core\Plugins\PluginManifest.cs:48 
  at Unity.VisualScripting.PluginContainer.Initialize () [0x00525] in Z:\github\theos_2\Library\PackageCache\com.unity.visualscripting@1.8.0\Editor\VisualScripting.Core\Plugins\PluginContainer.cs:208 
  at Unity.VisualScripting.PluginContainer.InitializeOnLoad () [0x00009] in Z:\github\theos_2\Library\PackageCache\com.unity.visualscripting@1.8.0\Editor\VisualScripting.Core\Plugins\PluginContainer.cs:32 
  at Unity.VisualScripting.VSUsageUtility.DoInitializeOnLoadCalls () [0x00034] in Z:\github\theos_2\Library\PackageCache\com.unity.visualscripting@1.8.0\Editor\VisualScripting.Core\Utilities\VSUsageUtility.cs:76 
  at Unity.VisualScripting.VSUsageUtility.set_isVisualScriptingUsed (System.Boolean value) [0x0002c] in Z:\github\theos_2\Library\PackageCache\com.unity.visualscripting@1.8.0\Editor\VisualScripting.Core\Utilities\VSUsageUtility.cs:114 
  at Unity.VisualScripting.VSUsageUtility.CheckAndSetIsVisualScriptingUsed () [0x0000d] in Z:\github\theos_2\Library\PackageCache\com.unity.visualscripting@1.8.0\Editor\VisualScripting.Core\Utilities\VSUsageUtility.cs:33 
  at Unity.VisualScripting.VSUsageUtility..cctor () [0x00000] in Z:\github\theos_2\Library\PackageCache\com.unity.visualscripting@1.8.0\Editor\VisualScripting.Core\Utilities\VSUsageUtility.cs:22 
UnityEngine.StackTraceUtility:ExtractStackTrace ()
UnityEngine.DebugLogHandler:LogFormat (UnityEngine.LogType,UnityEngine.Object,string,object[])
UnityEngine.Logger:Log (UnityEngine.LogType,object)
UnityEngine.Debug:LogError (object)
UnityEditor.EditorAssemblies:ProcessInitializeOnLoadAttributes (System.Type[])

Mono: successfully reloaded assembly
- Completed reload, in  1.533 seconds
Domain Reload Profiling:
	ReloadAssembly (1534ms)
		BeginReloadAssembly (163ms)
			ExecutionOrderSort (0ms)
			DisableScriptedObjects (5ms)
			BackupInstance (0ms)
			ReleaseScriptingObjects (0ms)
			CreateAndSetChildDomain (50ms)
		EndReloadAssembly (1273ms)
			LoadAssemblies (87ms)
			RebuildTransferFunctionScriptingTraits (0ms)
			SetupTypeCache (280ms)
			ReleaseScriptCaches (2ms)
			RebuildScriptCaches (45ms)
			SetupLoadedEditorAssemblies (589ms)
				LogAssemblyErrors (0ms)
				InitializePlatformSupportModulesInManaged (14ms)
				SetLoadedEditorAssemblies (1ms)
				RefreshPlugins (2ms)
				BeforeProcessingInitializeOnLoad (67ms)
				ProcessInitializeOnLoadAttributes (480ms)
				ProcessInitializeOnLoadMethodAttributes (22ms)
				AfterProcessingInitializeOnLoad (2ms)
				EditorAssembliesLoaded (0ms)
			ExecutionOrderSort2 (0ms)
			AwakeInstancesAfterBackupRestoration (7ms)
Platform modules already initialized, skipping
Refreshing native plugins compatible for Editor in 2.82 ms, found 3 plugins.
Preloading 0 native plugins for Editor in 0.00 ms.
Unloading 3555 Unused Serialized files (Serialized files now loaded: 0)
Unloading 30 unused Assets / (1.4 MB). Loaded Objects now: 4164.
Memory consumption went from 238.1 MB to 236.7 MB.
Total: 14.831200 ms (FindLiveObjects: 1.018900 ms CreateObjectMapping: 0.448200 ms MarkObjects: 12.342500 ms  DeleteObjects: 1.019800 ms)

AssetImportParameters requested are different than current active one (requested -> active):
  custom:video-decoder-ogg-theora: a1e56fd34408186e4bbccfd4996cb3dc -> 
  custom:container-muxer-webm: aa71ff27fc2769a1b78a27578f13a17b -> 
  custom:container-demuxer-webm: 4f35f7cbe854078d1ac9338744f61a02 -> 
  custom:video-encoder-webm-vp8: eb34c28f22e8b96e1ab97ce403110664 -> 
  custom:audio-encoder-webm-vorbis: bf7c407c2cedff20999df2af8eb42d56 -> 
  custom:framework-win-MediaFoundation: 216162199b28c13a410421893ffa2e32 -> 
  custom:container-demuxer-ogg: 62fdf1f143b41e24485cea50d1cbac27 -> 
  custom:video-decoder-webm-vp8: 9c59270c3fd7afecdb556c50c9e8de78 -> 
  custom:audio-decoder-ogg-vorbis: bf7c407c2cedff20999df2af8eb42d56 -> 
